# JRE version: OpenJDK Runtime Environment (7.0_45-b31) (build 1.7.0_45-b31)
# Java VM: OpenJDK 64-Bit Server VM (24.45-b08 mixed mode linux-amd64 compressed oops)
Heap
 PSYoungGen      total 147968K, used 9712K [0x00000000f2200000, 0x00000000fbc00000, 0x0000000100000000)
  eden space 138240K, 0% used [0x00000000f2200000,0x00000000f2200000,0x00000000fa900000)
  from space 9728K, 99% used [0x00000000fa900000,0x00000000fb27c1e8,0x00000000fb280000)
  to   space 9728K, 0% used [0x00000000fb280000,0x00000000fb280000,0x00000000fbc00000)
 ParOldGen       total 20992K, used 20745K [0x00000000d6600000, 0x00000000d7a80000, 0x00000000f2200000)
  object space 20992K, 98% used [0x00000000d6600000,0x00000000d7a425a8,0x00000000d7a80000)
 PSPermGen       total 48128K, used 48047K [0x00000000cc000000, 0x00000000cef00000, 0x00000000d6600000)
  object space 48128K, 99% used [0x00000000cc000000,0x00000000ceeebec0,0x00000000cef00000)
GC Heap History (10 events):
Event: 3.185 GC heap after
Heap after GC invocations=4 (full 0):
 PSYoungGen      total 35840K, used 1018K [0x00000000f2200000, 0x00000000f4600000, 0x0000000100000000)
  eden space 34816K, 0% used [0x00000000f2200000,0x00000000f2200000,0x00000000f4400000)
  from space 1024K, 99% used [0x00000000f4500000,0x00000000f45fe920,0x00000000f4600000)
  to   space 1024K, 0% used [0x00000000f4400000,0x00000000f4400000,0x00000000f4500000)
 ParOldGen       total 20992K, used 6893K [0x00000000d6600000, 0x00000000d7a80000, 0x00000000f2200000)
  object space 20992K, 32% used [0x00000000d6600000,0x00000000d6cbb6c0,0x00000000d7a80000)
 PSPermGen       total 21504K, used 13960K [0x00000000cc000000, 0x00000000cd500000, 0x00000000d6600000)
  object space 21504K, 64% used [0x00000000cc000000,0x00000000ccda20b0,0x00000000cd500000)
}
Event: 4.603 GC heap before
{Heap before GC invocations=5 (full 0):
 PSYoungGen      total 35840K, used 35834K [0x00000000f2200000, 0x00000000f4600000, 0x0000000100000000)
  eden space 34816K, 100% used [0x00000000f2200000,0x00000000f4400000,0x00000000f4400000)
  from space 1024K, 99% used [0x00000000f4500000,0x00000000f45fe920,0x00000000f4600000)
  to   space 1024K, 0% used [0x00000000f4400000,0x00000000f4400000,0x00000000f4500000)
 ParOldGen       total 20992K, used 6893K [0x00000000d6600000, 0x00000000d7a80000, 0x00000000f2200000)
  object space 20992K, 32% used [0x00000000d6600000,0x00000000d6cbb6c0,0x00000000d7a80000)
 PSPermGen       total 21504K, used 20028K [0x00000000cc000000, 0x00000000cd500000, 0x00000000d6600000)
  object space 21504K, 93% used [0x00000000cc000000,0x00000000cd38f050,0x00000000cd500000)
Event: 4.621 GC heap after
Heap after GC invocations=5 (full 0):
 PSYoungGen      total 35840K, used 1018K [0x00000000f2200000, 0x00000000f7300000, 0x0000000100000000)
  eden space 34816K, 0% used [0x00000000f2200000,0x00000000f2200000,0x00000000f4400000)
  from space 1024K, 99% used [0x00000000f4400000,0x00000000f44fe920,0x00000000f4500000)
  to   space 6656K, 0% used [0x00000000f6c80000,0x00000000f6c80000,0x00000000f7300000)
 ParOldGen       total 20992K, used 11966K [0x00000000d6600000, 0x00000000d7a80000, 0x00000000f2200000)
  object space 20992K, 57% used [0x00000000d6600000,0x00000000d71afab8,0x00000000d7a80000)
 PSPermGen       total 21504K, used 20028K [0x00000000cc000000, 0x00000000cd500000, 0x00000000d6600000)
  object space 21504K, 93% used [0x00000000cc000000,0x00000000cd38f050,0x00000000cd500000)
}
Event: 5.877 GC heap before
{Heap before GC invocations=6 (full 0):
 PSYoungGen      total 35840K, used 35834K [0x00000000f2200000, 0x00000000f7300000, 0x0000000100000000)
  eden space 34816K, 100% used [0x00000000f2200000,0x00000000f4400000,0x00000000f4400000)
  from space 1024K, 99% used [0x00000000f4400000,0x00000000f44fe920,0x00000000f4500000)
  to   space 6656K, 0% used [0x00000000f6c80000,0x00000000f6c80000,0x00000000f7300000)
 ParOldGen       total 20992K, used 11966K [0x00000000d6600000, 0x00000000d7a80000, 0x00000000f2200000)
  object space 20992K, 57% used [0x00000000d6600000,0x00000000d71afab8,0x00000000d7a80000)
 PSPermGen       total 25600K, used 25415K [0x00000000cc000000, 0x00000000cd900000, 0x00000000d6600000)
  object space 25600K, 99% used [0x00000000cc000000,0x00000000cd8d1f70,0x00000000cd900000)
Event: 5.897 GC heap after
Heap after GC invocations=6 (full 0):
 PSYoungGen      total 75776K, used 5365K [0x00000000f2200000, 0x00000000f7400000, 0x0000000100000000)
  eden space 69120K, 0% used [0x00000000f2200000,0x00000000f2200000,0x00000000f6580000)
  from space 6656K, 80% used [0x00000000f6c80000,0x00000000f71bd648,0x00000000f7300000)
  to   space 7168K, 0% used [0x00000000f6580000,0x00000000f6580000,0x00000000f6c80000)
 ParOldGen       total 20992K, used 11966K [0x00000000d6600000, 0x00000000d7a80000, 0x00000000f2200000)
  object space 20992K, 57% used [0x00000000d6600000,0x00000000d71afab8,0x00000000d7a80000)
 PSPermGen       total 25600K, used 25415K [0x00000000cc000000, 0x00000000cd900000, 0x00000000d6600000)
  object space 25600K, 99% used [0x00000000cc000000,0x00000000cd8d1f70,0x00000000cd900000)
}
Event: 8.602 GC heap before
{Heap before GC invocations=7 (full 0):
 PSYoungGen      total 75776K, used 74485K [0x00000000f2200000, 0x00000000f7400000, 0x0000000100000000)
  eden space 69120K, 100% used [0x00000000f2200000,0x00000000f6580000,0x00000000f6580000)
  from space 6656K, 80% used [0x00000000f6c80000,0x00000000f71bd648,0x00000000f7300000)
  to   space 7168K, 0% used [0x00000000f6580000,0x00000000f6580000,0x00000000f6c80000)
 ParOldGen       total 20992K, used 11966K [0x00000000d6600000, 0x00000000d7a80000, 0x00000000f2200000)
  object space 20992K, 57% used [0x00000000d6600000,0x00000000d71afae8,0x00000000d7a80000)
 PSPermGen       total 34816K, used 34551K [0x00000000cc000000, 0x00000000ce200000, 0x00000000d6600000)
  object space 34816K, 99% used [0x00000000cc000000,0x00000000ce1bdc48,0x00000000ce200000)
Event: 8.642 GC heap after
Heap after GC invocations=7 (full 0):
 PSYoungGen      total 76288K, used 7136K [0x00000000f2200000, 0x00000000fbc00000, 0x0000000100000000)
  eden space 69120K, 0% used [0x00000000f2200000,0x00000000f2200000,0x00000000f6580000)
  from space 7168K, 99% used [0x00000000f6580000,0x00000000f6c782a8,0x00000000f6c80000)
  to   space 9728K, 0% used [0x00000000fb280000,0x00000000fb280000,0x00000000fbc00000)
 ParOldGen       total 20992K, used 14407K [0x00000000d6600000, 0x00000000d7a80000, 0x00000000f2200000)
  object space 20992K, 68% used [0x00000000d6600000,0x00000000d7411e40,0x00000000d7a80000)
 PSPermGen       total 34816K, used 34551K [0x00000000cc000000, 0x00000000ce200000, 0x00000000d6600000)
  object space 34816K, 99% used [0x00000000cc000000,0x00000000ce1bdc48,0x00000000ce200000)
}
Event: 11.065 GC heap before
{Heap before GC invocations=8 (full 0):
 PSYoungGen      total 76288K, used 76256K [0x00000000f2200000, 0x00000000fbc00000, 0x0000000100000000)
  eden space 69120K, 100% used [0x00000000f2200000,0x00000000f6580000,0x00000000f6580000)
  from space 7168K, 99% used [0x00000000f6580000,0x00000000f6c782a8,0x00000000f6c80000)
  to   space 9728K, 0% used [0x00000000fb280000,0x00000000fb280000,0x00000000fbc00000)
 ParOldGen       total 20992K, used 14421K [0x00000000d6600000, 0x00000000d7a80000, 0x00000000f2200000)
  object space 20992K, 68% used [0x00000000d6600000,0x00000000d7415640,0x00000000d7a80000)
 PSPermGen       total 37376K, used 37307K [0x00000000cc000000, 0x00000000ce480000, 0x00000000d6600000)
  object space 37376K, 99% used [0x00000000cc000000,0x00000000ce46efc0,0x00000000ce480000)
Event: 11.091 GC heap after
Heap after GC invocations=8 (full 0):
 PSYoungGen      total 147968K, used 6265K [0x00000000f2200000, 0x00000000fbc00000, 0x0000000100000000)
  eden space 138240K, 0% used [0x00000000f2200000,0x00000000f2200000,0x00000000fa900000)
  from space 9728K, 64% used [0x00000000fb280000,0x00000000fb89e428,0x00000000fbc00000)
  to   space 9728K, 0% used [0x00000000fa900000,0x00000000fa900000,0x00000000fb280000)
 ParOldGen       total 20992K, used 14788K [0x00000000d6600000, 0x00000000d7a80000, 0x00000000f2200000)
  object space 20992K, 70% used [0x00000000d6600000,0x00000000d7471270,0x00000000d7a80000)
 PSPermGen       total 37376K, used 37307K [0x00000000cc000000, 0x00000000ce480000, 0x00000000d6600000)
  object space 37376K, 99% used [0x00000000cc000000,0x00000000ce46efc0,0x00000000ce480000)
}
Event: 15.328 GC heap before
{Heap before GC invocations=9 (full 0):
 PSYoungGen      total 147968K, used 144505K [0x00000000f2200000, 0x00000000fbc00000, 0x0000000100000000)
  eden space 138240K, 100% used [0x00000000f2200000,0x00000000fa900000,0x00000000fa900000)
  from space 9728K, 64% used [0x00000000fb280000,0x00000000fb89e428,0x00000000fbc00000)
  to   space 9728K, 0% used [0x00000000fa900000,0x00000000fa900000,0x00000000fb280000)
 ParOldGen       total 20992K, used 14788K [0x00000000d6600000, 0x00000000d7a80000, 0x00000000f2200000)
  object space 20992K, 70% used [0x00000000d6600000,0x00000000d7471270,0x00000000d7a80000)
 PSPermGen       total 48128K, used 48047K [0x00000000cc000000, 0x00000000cef00000, 0x00000000d6600000)
  object space 48128K, 99% used [0x00000000cc000000,0x00000000ceeebec0,0x00000000cef00000)

